Using pre-set license
Built from '2021.3/staging' branch; Version is '2021.3.19f1 (c9714fde33b6) revision 13201743'; Using compiler version '192829333'; Build Type 'Release'
OS: 'Windows 10  (10.0.19045) 64bit Professional' Language: 'pt' Physical Memory: 3918 MB
BatchMode: 1, IsHumanControllingUs: 0, StartBugReporterOnCrash: 0, Is64bit: 1, IsPro: 1

COMMAND LINE ARGUMENTS:
C:\Program Files\Unity\Hub\Editor\2021.3.19f1\Editor\Unity.exe
-adb2
-batchMode
-noUpm
-name
AssetImportWorker0
-projectPath
C:/Users/User/Documents/projetos-unity/projeto3pessoa
-logFile
Logs/AssetImportWorker0.log
-srvPort
61137
Successfully changed project path to: C:/Users/User/Documents/projetos-unity/projeto3pessoa
C:/Users/User/Documents/projetos-unity/projeto3pessoa
[UnityMemory] Configuration Parameters - Can be set up in boot.config
    "memorysetup-bucket-allocator-granularity=16"
    "memorysetup-bucket-allocator-bucket-count=8"
    "memorysetup-bucket-allocator-block-size=33554432"
    "memorysetup-bucket-allocator-block-count=8"
    "memorysetup-main-allocator-block-size=16777216"
    "memorysetup-thread-allocator-block-size=16777216"
    "memorysetup-gfx-main-allocator-block-size=16777216"
    "memorysetup-gfx-thread-allocator-block-size=16777216"
    "memorysetup-cache-allocator-block-size=4194304"
    "memorysetup-typetree-allocator-block-size=2097152"
    "memorysetup-profiler-bucket-allocator-granularity=16"
    "memorysetup-profiler-bucket-allocator-bucket-count=8"
    "memorysetup-profiler-bucket-allocator-block-size=33554432"
    "memorysetup-profiler-bucket-allocator-block-count=8"
    "memorysetup-profiler-allocator-block-size=16777216"
    "memorysetup-profiler-editor-allocator-block-size=1048576"
    "memorysetup-temp-allocator-size-main=16777216"
    "memorysetup-job-temp-allocator-block-size=2097152"
    "memorysetup-job-temp-allocator-block-size-background=1048576"
    "memorysetup-job-temp-allocator-reduction-small-platforms=262144"
    "memorysetup-temp-allocator-size-background-worker=32768"
    "memorysetup-temp-allocator-size-job-worker=262144"
    "memorysetup-temp-allocator-size-preload-manager=33554432"
    "memorysetup-temp-allocator-size-nav-mesh-worker=65536"
    "memorysetup-temp-allocator-size-audio-worker=65536"
    "memorysetup-temp-allocator-size-cloud-worker=32768"
    "memorysetup-temp-allocator-size-gi-baking-worker=262144"
    "memorysetup-temp-allocator-size-gfx=262144"
Player connection [2604] Host "[IP] 192.168.0.101 [Port] 0 [Flags] 2 [Guid] 738864732 [EditorId] 738864732 [Version] 1048832 [Id] WindowsEditor(7,DESKTOP-TT3UEC8) [Debug] 1 [PackageName] WindowsEditor [ProjectName] Editor" joined multi-casting on [225.0.0.222:54997]...

Player connection [2604] Host "[IP] 192.168.0.101 [Port] 0 [Flags] 2 [Guid] 738864732 [EditorId] 738864732 [Version] 1048832 [Id] WindowsEditor(7,DESKTOP-TT3UEC8) [Debug] 1 [PackageName] WindowsEditor [ProjectName] Editor" joined alternative multi-casting on [225.0.0.222:34997]...

Refreshing native plugins compatible for Editor in 248.39 ms, found 2 plugins.
Preloading 0 native plugins for Editor in 0.00 ms.
Initialize engine version: 2021.3.19f1 (c9714fde33b6)
[Subsystems] Discovering subsystems at path C:/Program Files/Unity/Hub/Editor/2021.3.19f1/Editor/Data/Resources/UnitySubsystems
[Subsystems] Discovering subsystems at path C:/Users/User/Documents/projetos-unity/projeto3pessoa/Assets
GfxDevice: creating device client; threaded=0; jobified=0
Direct3D:
    Version:  Direct3D 11.0 [level 11.1]
    Renderer: Intel(R) UHD Graphics 600 (ID=0x3185)
    Vendor:   Intel
    VRAM:     1959 MB
    Driver:   27.20.100.8729
Initialize mono
Mono path[0] = 'C:/Program Files/Unity/Hub/Editor/2021.3.19f1/Editor/Data/Managed'
Mono path[1] = 'C:/Program Files/Unity/Hub/Editor/2021.3.19f1/Editor/Data/MonoBleedingEdge/lib/mono/unityjit-win32'
Mono config path = 'C:/Program Files/Unity/Hub/Editor/2021.3.19f1/Editor/Data/MonoBleedingEdge/etc'
Using monoOptions --debugger-agent=transport=dt_socket,embedding=1,server=y,suspend=n,address=127.0.0.1:56580
Begin MonoManager ReloadAssembly
Registering precompiled unity dll's ...
Register platform support module: C:/Program Files/Unity/Hub/Editor/2021.3.19f1/Editor/Data/PlaybackEngines/WebGLSupport/UnityEditor.WebGL.Extensions.dll
Register platform support module: C:/Program Files/Unity/Hub/Editor/2021.3.19f1/Editor/Data/PlaybackEngines/WindowsStandaloneSupport/UnityEditor.WindowsStandalone.Extensions.dll
Registered in 0.042104 seconds.
Native extension for WindowsStandalone target not found
Native extension for WebGL target not found
Refreshing native plugins compatible for Editor in 88.53 ms, found 2 plugins.
Preloading 0 native plugins for Editor in 0.00 ms.
Mono: successfully reloaded assembly
- Completed reload, in  6.992 seconds
Domain Reload Profiling:
	ReloadAssembly (6995ms)
		BeginReloadAssembly (1168ms)
			ExecutionOrderSort (0ms)
			DisableScriptedObjects (0ms)
			BackupInstance (0ms)
			ReleaseScriptingObjects (0ms)
			CreateAndSetChildDomain (8ms)
		EndReloadAssembly (3201ms)
			LoadAssemblies (1156ms)
			RebuildTransferFunctionScriptingTraits (3ms)
			SetupTypeCache (1403ms)
			ReleaseScriptCaches (0ms)
			RebuildScriptCaches (256ms)
			SetupLoadedEditorAssemblies (1318ms)
				LogAssemblyErrors (0ms)
				InitializePlatformSupportModulesInManaged (62ms)
				SetLoadedEditorAssemblies (0ms)
				RefreshPlugins (89ms)
				BeforeProcessingInitializeOnLoad (8ms)
				ProcessInitializeOnLoadAttributes (857ms)
				ProcessInitializeOnLoadMethodAttributes (298ms)
				AfterProcessingInitializeOnLoad (0ms)
				EditorAssembliesLoaded (1ms)
			ExecutionOrderSort2 (0ms)
			AwakeInstancesAfterBackupRestoration (0ms)
Platform modules already initialized, skipping
Registering precompiled user dll's ...
Registered in 0.023824 seconds.
Begin MonoManager ReloadAssembly
Native extension for WindowsStandalone target not found
Native extension for WebGL target not found
Refreshing native plugins compatible for Editor in 1.07 ms, found 2 plugins.
Preloading 0 native plugins for Editor in 0.00 ms.
Mono: successfully reloaded assembly
- Completed reload, in  4.311 seconds
Domain Reload Profiling:
	ReloadAssembly (4314ms)
		BeginReloadAssembly (656ms)
			ExecutionOrderSort (0ms)
			DisableScriptedObjects (16ms)
			BackupInstance (0ms)
			ReleaseScriptingObjects (0ms)
			CreateAndSetChildDomain (51ms)
		EndReloadAssembly (3070ms)
			LoadAssemblies (1025ms)
			RebuildTransferFunctionScriptingTraits (0ms)
			SetupTypeCache (858ms)
			ReleaseScriptCaches (1ms)
			RebuildScriptCaches (125ms)
			SetupLoadedEditorAssemblies (1234ms)
				LogAssemblyErrors (0ms)
				InitializePlatformSupportModulesInManaged (26ms)
				SetLoadedEditorAssemblies (1ms)
				RefreshPlugins (2ms)
				BeforeProcessingInitializeOnLoad (234ms)
				ProcessInitializeOnLoadAttributes (869ms)
				ProcessInitializeOnLoadMethodAttributes (68ms)
				AfterProcessingInitializeOnLoad (32ms)
				EditorAssembliesLoaded (1ms)
			ExecutionOrderSort2 (0ms)
			AwakeInstancesAfterBackupRestoration (25ms)
Platform modules already initialized, skipping
========================================================================
Worker process is ready to serve import requests
Launched and connected shader compiler UnityShaderCompiler.exe after 0.25 seconds
Refreshing native plugins compatible for Editor in 1.62 ms, found 2 plugins.
Preloading 0 native plugins for Editor in 0.00 ms.
Unloading 1359 Unused Serialized files (Serialized files now loaded: 0)
Unloading 16 unused Assets / (58.1 KB). Loaded Objects now: 1856.
Memory consumption went from 82.1 MB to 82.0 MB.
Total: 7.565600 ms (FindLiveObjects: 0.537000 ms CreateObjectMapping: 0.101200 ms MarkObjects: 6.486900 ms  DeleteObjects: 0.437700 ms)

AssetImportParameters requested are different than current active one (requested -> active):
  custom:video-decoder-ogg-theora: a1e56fd34408186e4bbccfd4996cb3dc -> 
  custom:container-muxer-webm: aa71ff27fc2769a1b78a27578f13a17b -> 
  custom:container-demuxer-webm: 4f35f7cbe854078d1ac9338744f61a02 -> 
  custom:video-encoder-webm-vp8: eb34c28f22e8b96e1ab97ce403110664 -> 
  custom:audio-encoder-webm-vorbis: bf7c407c2cedff20999df2af8eb42d56 -> 
  custom:framework-win-MediaFoundation: 216162199b28c13a410421893ffa2e32 -> 
  custom:container-demuxer-ogg: 62fdf1f143b41e24485cea50d1cbac27 -> 
  custom:video-decoder-webm-vp8: 9c59270c3fd7afecdb556c50c9e8de78 -> 
  custom:audio-decoder-ogg-vorbis: bf7c407c2cedff20999df2af8eb42d56 -> 
========================================================================
Received Import Request.
  Time since last request: 263118.722484 seconds.
  path: Assets/New Terrain.asset
  artifactKey: Guid(a9ae3ce1943b82248bd01a5b840e761c) Importer(815301076,1909f56bfc062723c751e8b465ee728b)
Start importing Assets/New Terrain.asset using Guid(a9ae3ce1943b82248bd01a5b840e761c) Importer(815301076,1909f56bfc062723c751e8b465ee728b)  -> (artifact id: 'b655e9eb3a4310c07427e06c5acaca73') in 0.287645 seconds 
========================================================================
Received Prepare
Registering precompiled user dll's ...
Registered in 0.015603 seconds.
Begin MonoManager ReloadAssembly
Native extension for WindowsStandalone target not found
Native extension for WebGL target not found
Refreshing native plugins compatible for Editor in 1.22 ms, found 2 plugins.
Preloading 0 native plugins for Editor in 0.00 ms.
Mono: successfully reloaded assembly
- Completed reload, in  3.262 seconds
Domain Reload Profiling:
	ReloadAssembly (3272ms)
		BeginReloadAssembly (451ms)
			ExecutionOrderSort (0ms)
			DisableScriptedObjects (23ms)
			BackupInstance (0ms)
			ReleaseScriptingObjects (0ms)
			CreateAndSetChildDomain (100ms)
		EndReloadAssembly (2374ms)
			LoadAssemblies (288ms)
			RebuildTransferFunctionScriptingTraits (0ms)
			SetupTypeCache (718ms)
			ReleaseScriptCaches (2ms)
			RebuildScriptCaches (171ms)
			SetupLoadedEditorAssemblies (1093ms)
				LogAssemblyErrors (0ms)
				InitializePlatformSupportModulesInManaged (66ms)
				SetLoadedEditorAssemblies (1ms)
				RefreshPlugins (1ms)
				BeforeProcessingInitializeOnLoad (198ms)
				ProcessInitializeOnLoadAttributes (705ms)
				ProcessInitializeOnLoadMethodAttributes (87ms)
				AfterProcessingInitializeOnLoad (33ms)
				EditorAssembliesLoaded (1ms)
			ExecutionOrderSort2 (0ms)
			AwakeInstancesAfterBackupRestoration (25ms)
Platform modules already initialized, skipping
Refreshing native plugins compatible for Editor in 3.64 ms, found 2 plugins.
Preloading 0 native plugins for Editor in 0.00 ms.
Unloading 1350 Unused Serialized files (Serialized files now loaded: 0)
Unloading 9 unused Assets / (31.7 KB). Loaded Objects now: 1862.
Memory consumption went from 81.5 MB to 81.5 MB.
Total: 8.157700 ms (FindLiveObjects: 0.441000 ms CreateObjectMapping: 0.489400 ms MarkObjects: 7.166400 ms  DeleteObjects: 0.057500 ms)

AssetImportParameters requested are different than current active one (requested -> active):
  custom:video-decoder-ogg-theora: a1e56fd34408186e4bbccfd4996cb3dc -> 
  custom:container-muxer-webm: aa71ff27fc2769a1b78a27578f13a17b -> 
  custom:container-demuxer-webm: 4f35f7cbe854078d1ac9338744f61a02 -> 
  custom:video-encoder-webm-vp8: eb34c28f22e8b96e1ab97ce403110664 -> 
  custom:audio-encoder-webm-vorbis: bf7c407c2cedff20999df2af8eb42d56 -> 
  custom:framework-win-MediaFoundation: 216162199b28c13a410421893ffa2e32 -> 
  custom:container-demuxer-ogg: 62fdf1f143b41e24485cea50d1cbac27 -> 
  custom:video-decoder-webm-vp8: 9c59270c3fd7afecdb556c50c9e8de78 -> 
  custom:audio-decoder-ogg-vorbis: bf7c407c2cedff20999df2af8eb42d56 -> 
========================================================================
Received Import Request.
  Time since last request: 306.728455 seconds.
  path: Assets/Shelter/Model/Bulb.fbx
  artifactKey: Guid(6d18aa0cc13d27c498c16de32dd0c795) Importer(815301076,1909f56bfc062723c751e8b465ee728b)
Start importing Assets/Shelter/Model/Bulb.fbx using Guid(6d18aa0cc13d27c498c16de32dd0c795) Importer(815301076,1909f56bfc062723c751e8b465ee728b)  -> (artifact id: 'beaa55f6ac1ba22df74b4e14de448360') in 1.721477 seconds 
========================================================================
Received Import Request.
  Time since last request: 0.000056 seconds.
  path: Assets/Shelter/Model/Shelter.fbx
  artifactKey: Guid(c8616d99cca93a64595d3ec46375b9e8) Importer(815301076,1909f56bfc062723c751e8b465ee728b)
Start importing Assets/Shelter/Model/Shelter.fbx using Guid(c8616d99cca93a64595d3ec46375b9e8) Importer(815301076,1909f56bfc062723c751e8b465ee728b)  -> (artifact id: '45ddf56894ff262e19a328aed2958a91') in 0.614790 seconds 
========================================================================
Received Import Request.
  Time since last request: 0.000085 seconds.
  path: Assets/Shelter/Model/Crate/Crate.fbx
  artifactKey: Guid(b496d7a71541fe44faffa27b33a485c6) Importer(815301076,1909f56bfc062723c751e8b465ee728b)
Start importing Assets/Shelter/Model/Crate/Crate.fbx using Guid(b496d7a71541fe44faffa27b33a485c6) Importer(815301076,1909f56bfc062723c751e8b465ee728b)  -> (artifact id: 'b200fe6e39febdeea68b63a5f158ec33') in 0.101810 seconds 
========================================================================
Received Import Request.
  Time since last request: 0.000381 seconds.
  path: Assets/Shelter/Model/Crate/Crate.png
  artifactKey: Guid(35a3b4e874b898f4988553394f2890bd) Importer(815301076,1909f56bfc062723c751e8b465ee728b)
Start importing Assets/Shelter/Model/Crate/Crate.png using Guid(35a3b4e874b898f4988553394f2890bd) Importer(815301076,1909f56bfc062723c751e8b465ee728b)  -> (artifact id: 'ee9b48523b61446df69b144787a0a793') in 0.151125 seconds 
========================================================================
Received Import Request.
  Time since last request: 0.000041 seconds.
  path: Assets/Shelter/Model/Crate
  artifactKey: Guid(b3a138d365f92b3409c3294a1428f21e) Importer(815301076,1909f56bfc062723c751e8b465ee728b)
Start importing Assets/Shelter/Model/Crate using Guid(b3a138d365f92b3409c3294a1428f21e) Importer(815301076,1909f56bfc062723c751e8b465ee728b)  -> (artifact id: '7d66cf0734791e613c5abd9b8b3d6d62') in 0.042950 seconds 
========================================================================
Received Import Request.
  Time since last request: 0.000064 seconds.
  path: Assets/Shelter/Model/Crate/Crate_Norm.png
  artifactKey: Guid(1f83883ec7b2b1d4e91a4257833abf61) Importer(815301076,1909f56bfc062723c751e8b465ee728b)
Start importing Assets/Shelter/Model/Crate/Crate_Norm.png using Guid(1f83883ec7b2b1d4e91a4257833abf61) Importer(815301076,1909f56bfc062723c751e8b465ee728b)  -> (artifact id: '3e8706de1c4aa281916b5c1db72f68a9') in 0.126689 seconds 
========================================================================
Received Import Request.
  Time since last request: 0.549194 seconds.
  path: Assets/Shelter/Model/Crate/Materials
  artifactKey: Guid(d6123ce675a36bb43b65d08b889ea677) Importer(815301076,1909f56bfc062723c751e8b465ee728b)
Start importing Assets/Shelter/Model/Crate/Materials using Guid(d6123ce675a36bb43b65d08b889ea677) Importer(815301076,1909f56bfc062723c751e8b465ee728b)  -> (artifact id: '8ff4f3ed381396e49312cfb81afb1870') in 0.053885 seconds 
========================================================================
Received Import Request.
  Time since last request: 0.000041 seconds.
  path: Assets/Shelter/Model/Crate/Materials/crate_None_BaseColor.mat
  artifactKey: Guid(4e679c928d174104a8e777daad5bc853) Importer(815301076,1909f56bfc062723c751e8b465ee728b)
Start importing Assets/Shelter/Model/Crate/Materials/crate_None_BaseColor.mat using Guid(4e679c928d174104a8e777daad5bc853) Importer(815301076,1909f56bfc062723c751e8b465ee728b)  -> (artifact id: '38a550fe2a3cbd721466a6b8bcc1ace4') in 0.117151 seconds 
========================================================================
Received Import Request.
  Time since last request: 2.468409 seconds.
  path: Assets/Shelter/Tex/Cor_Block.png
  artifactKey: Guid(2e55f2653ad25c34fb38045247834a56) Importer(815301076,1909f56bfc062723c751e8b465ee728b)
Start importing Assets/Shelter/Tex/Cor_Block.png using Guid(2e55f2653ad25c34fb38045247834a56) Importer(815301076,1909f56bfc062723c751e8b465ee728b)  -> (artifact id: '84a9550673b862c9f2d0e7d650cac7e8') in 0.059487 seconds 
========================================================================
Received Import Request.
  Time since last request: 0.000119 seconds.
  path: Assets/Shelter/Tex/Wood_Norm.png
  artifactKey: Guid(e2fb5208db3e37e4197eb62f548d4f1f) Importer(815301076,1909f56bfc062723c751e8b465ee728b)
Start importing Assets/Shelter/Tex/Wood_Norm.png using Guid(e2fb5208db3e37e4197eb62f548d4f1f) Importer(815301076,1909f56bfc062723c751e8b465ee728b)  -> (artifact id: '2232b0eb9a3d5942dfabb56290ee672d') in 0.097094 seconds 
========================================================================
Received Import Request.
  Time since last request: 0.000090 seconds.
  path: Assets/Shelter/Tex/Table.png
  artifactKey: Guid(9a7ec9f987ceae647a2099690d82a066) Importer(815301076,1909f56bfc062723c751e8b465ee728b)
Start importing Assets/Shelter/Tex/Table.png using Guid(9a7ec9f987ceae647a2099690d82a066) Importer(815301076,1909f56bfc062723c751e8b465ee728b)  -> (artifact id: 'bb89095a8df46a4472a2e1a6221de454') in 0.080371 seconds 
========================================================================
Received Import Request.
  Time since last request: 0.000037 seconds.
  path: Assets/Shelter/Tex/Floor.png
  artifactKey: Guid(69bdb330e8a43244dacf4ba86305ff4b) Importer(815301076,1909f56bfc062723c751e8b465ee728b)
Start importing Assets/Shelter/Tex/Floor.png using Guid(69bdb330e8a43244dacf4ba86305ff4b) Importer(815301076,1909f56bfc062723c751e8b465ee728b)  -> (artifact id: 'f67f1068b2cdd72fc22e750bc3f27fb5') in 0.102417 seconds 
========================================================================
Received Import Request.
  Time since last request: 0.000070 seconds.
  path: Assets/Shelter/Tex/Hard_Wood.png
  artifactKey: Guid(2763a1c8e87e3314cac790498fd7557c) Importer(815301076,1909f56bfc062723c751e8b465ee728b)
Start importing Assets/Shelter/Tex/Hard_Wood.png using Guid(2763a1c8e87e3314cac790498fd7557c) Importer(815301076,1909f56bfc062723c751e8b465ee728b)  -> (artifact id: 'b07298cfc6fe9f100b285eb4db4d0571') in 0.083019 seconds 
========================================================================
Received Import Request.
  Time since last request: 0.000066 seconds.
  path: Assets/Shelter/Tex/Table_norm.png
  artifactKey: Guid(f27ba296952c582499ae4671ec03687b) Importer(815301076,1909f56bfc062723c751e8b465ee728b)
Start importing Assets/Shelter/Tex/Table_norm.png using Guid(f27ba296952c582499ae4671ec03687b) Importer(815301076,1909f56bfc062723c751e8b465ee728b)  -> (artifact id: 'fd6c73e8b39e57fbf5457ae83285ba42') in 0.117937 seconds 
========================================================================
Received Import Request.
  Time since last request: 0.000036 seconds.
  path: Assets/Shelter/Tex/Window.png
  artifactKey: Guid(06cf27ba3c22805468015b2ed07ed333) Importer(815301076,1909f56bfc062723c751e8b465ee728b)
Start importing Assets/Shelter/Tex/Window.png using Guid(06cf27ba3c22805468015b2ed07ed333) Importer(815301076,1909f56bfc062723c751e8b465ee728b)  -> (artifact id: '39fc6274206939068b4583f0bdc14b32') in 0.097782 seconds 
========================================================================
Received Import Request.
  Time since last request: 0.000206 seconds.
  path: Assets/Shelter/Tex/Wall_norm.png
  artifactKey: Guid(b79c6cdbebc7bec4a9b5e60a2c74e6a6) Importer(815301076,1909f56bfc062723c751e8b465ee728b)
Start importing Assets/Shelter/Tex/Wall_norm.png using Guid(b79c6cdbebc7bec4a9b5e60a2c74e6a6) Importer(815301076,1909f56bfc062723c751e8b465ee728b)  -> (artifact id: '5783f619e1cfac43d0d7773aadc8d5ef') in 0.096398 seconds 
========================================================================
Received Import Request.
  Time since last request: 0.000077 seconds.
  path: Assets/Shelter/Tex/Hard_wood_Occ.png
  artifactKey: Guid(62662572e8e48ef4b939ad77c93e517f) Importer(815301076,1909f56bfc062723c751e8b465ee728b)
Start importing Assets/Shelter/Tex/Hard_wood_Occ.png using Guid(62662572e8e48ef4b939ad77c93e517f) Importer(815301076,1909f56bfc062723c751e8b465ee728b)  -> (artifact id: '3805057d0b0a2c05fde34c55476e7fed') in 0.112156 seconds 
========================================================================
Received Import Request.
  Time since last request: 0.000050 seconds.
  path: Assets/Shelter/Tex/Wall_Spec.png
  artifactKey: Guid(2e7cea6da315f77498c1bf2795fb5cd3) Importer(815301076,1909f56bfc062723c751e8b465ee728b)
Start importing Assets/Shelter/Tex/Wall_Spec.png using Guid(2e7cea6da315f77498c1bf2795fb5cd3) Importer(815301076,1909f56bfc062723c751e8b465ee728b)  -> (artifact id: 'e114dd250e88f6fcce3ca8456751fe0e') in 0.134179 seconds 
========================================================================
Received Import Request.
  Time since last request: 0.001889 seconds.
  path: Assets/Shelter/Tex/Haard_wood_norm.png
  artifactKey: Guid(f5f8a26880d9e124690df16a20f86228) Importer(815301076,1909f56bfc062723c751e8b465ee728b)
Start importing Assets/Shelter/Tex/Haard_wood_norm.png using Guid(f5f8a26880d9e124690df16a20f86228) Importer(815301076,1909f56bfc062723c751e8b465ee728b)  -> (artifact id: '91fe88a032fdda84d26b91775f8c460e') in 0.054775 seconds 
========================================================================
Received Import Request.
  Time since last request: 0.000047 seconds.
  path: Assets/Shelter/Tex/Roof.png
  artifactKey: Guid(ce59ebe082a7284468ab335fd9bc4a13) Importer(815301076,1909f56bfc062723c751e8b465ee728b)
Start importing Assets/Shelter/Tex/Roof.png using Guid(ce59ebe082a7284468ab335fd9bc4a13) Importer(815301076,1909f56bfc062723c751e8b465ee728b)  -> (artifact id: 'a55b2d1a1c07966e095c2b700d6dd50a') in 0.057677 seconds 
========================================================================
Received Import Request.
  Time since last request: 0.000039 seconds.
  path: Assets/Shelter/Tex/Floor_Spec.png
  artifactKey: Guid(715d6e9cc4a36464f8a67d9626be5cb9) Importer(815301076,1909f56bfc062723c751e8b465ee728b)
Start importing Assets/Shelter/Tex/Floor_Spec.png using Guid(715d6e9cc4a36464f8a67d9626be5cb9) Importer(815301076,1909f56bfc062723c751e8b465ee728b)  -> (artifact id: '10f5827d170cc5d6831ec79d77c39529') in 0.108361 seconds 
========================================================================
Received Import Request.
  Time since last request: 0.000055 seconds.
  path: Assets/Shelter/Tex/Floor_Norm.png
  artifactKey: Guid(219342aa09fe9d541a6b24195a01f126) Importer(815301076,1909f56bfc062723c751e8b465ee728b)
Start importing Assets/Shelter/Tex/Floor_Norm.png using Guid(219342aa09fe9d541a6b24195a01f126) Importer(815301076,1909f56bfc062723c751e8b465ee728b)  -> (artifact id: '653e40256938ea74da38efe6515bf3de') in 0.101019 seconds 
========================================================================
Received Import Request.
  Time since last request: 0.000036 seconds.
  path: Assets/Shelter/Tex/Metal_Norm.png
  artifactKey: Guid(8936765f8f8d0ca4daf1fa63633946e2) Importer(815301076,1909f56bfc062723c751e8b465ee728b)
Start importing Assets/Shelter/Tex/Metal_Norm.png using Guid(8936765f8f8d0ca4daf1fa63633946e2) Importer(815301076,1909f56bfc062723c751e8b465ee728b)  -> (artifact id: 'bce269ecd90144f1c3c123c348eb2985') in 0.097601 seconds 
========================================================================
Received Import Request.
  Time since last request: 0.000035 seconds.
  path: Assets/Shelter/Tex/door.png
  artifactKey: Guid(c78680f579b775b45ab647869ff26bce) Importer(815301076,1909f56bfc062723c751e8b465ee728b)
Start importing Assets/Shelter/Tex/door.png using Guid(c78680f579b775b45ab647869ff26bce) Importer(815301076,1909f56bfc062723c751e8b465ee728b)  -> (artifact id: 'd0751d8ad792326cd20fa8ad3e9d1241') in 0.083072 seconds 
========================================================================
Received Import Request.
  Time since last request: 0.000159 seconds.
  path: Assets/Shelter/Tex/Wall.png
  artifactKey: Guid(88dd8fb60a9e01047b3d275802bc121a) Importer(815301076,1909f56bfc062723c751e8b465ee728b)
Start importing Assets/Shelter/Tex/Wall.png using Guid(88dd8fb60a9e01047b3d275802bc121a) Importer(815301076,1909f56bfc062723c751e8b465ee728b)  -> (artifact id: 'a32147c940f05e23e8ab9fecd2f25fb1') in 0.084900 seconds 
========================================================================
Received Import Request.
  Time since last request: 7.275333 seconds.
  path: Assets/Images/Materials
  artifactKey: Guid(acf6198870e2abd4c8c63cb70d7dc70b) Importer(815301076,1909f56bfc062723c751e8b465ee728b)
Start importing Assets/Images/Materials using Guid(acf6198870e2abd4c8c63cb70d7dc70b) Importer(815301076,1909f56bfc062723c751e8b465ee728b)  -> (artifact id: '37ecb1a6e802d9abc2ec5e8aee6e52aa') in 0.042854 seconds 
========================================================================
Received Import Request.
  Time since last request: 1.469045 seconds.
  path: Assets/Images/Materials/AGUA.mat
  artifactKey: Guid(5a3124ac90a7bb94bafd42d66b0f1eed) Importer(815301076,1909f56bfc062723c751e8b465ee728b)
Start importing Assets/Images/Materials/AGUA.mat using Guid(5a3124ac90a7bb94bafd42d66b0f1eed) Importer(815301076,1909f56bfc062723c751e8b465ee728b)  -> (artifact id: '2b80ab0e7aa639ce00a940fa90e452a5') in 0.096129 seconds 
========================================================================
Received Import Request.
  Time since last request: 0.000369 seconds.
  path: Assets/Images/Materials/papel.mat
  artifactKey: Guid(61048ed4be0be2c459cb34a53f52b869) Importer(815301076,1909f56bfc062723c751e8b465ee728b)
Start importing Assets/Images/Materials/papel.mat using Guid(61048ed4be0be2c459cb34a53f52b869) Importer(815301076,1909f56bfc062723c751e8b465ee728b)  -> (artifact id: 'ff4c4bc6887c19efc4bbf0f03f5c96fa') in 0.112252 seconds 
========================================================================
Received Import Request.
  Time since last request: 0.000694 seconds.
  path: Assets/Images/Materials/SAUDADES DE CASA.mat
  artifactKey: Guid(9f7f7b80dd2991d4484f276a0056a76a) Importer(815301076,1909f56bfc062723c751e8b465ee728b)
Start importing Assets/Images/Materials/SAUDADES DE CASA.mat using Guid(9f7f7b80dd2991d4484f276a0056a76a) Importer(815301076,1909f56bfc062723c751e8b465ee728b)  -> (artifact id: '97914866db51dca0a369f6f68ad1dea6') in 0.142340 seconds 
========================================================================
Received Prepare
Registering precompiled user dll's ...
Registered in 0.056825 seconds.
Begin MonoManager ReloadAssembly
Native extension for WindowsStandalone target not found
Native extension for WebGL target not found
Refreshing native plugins compatible for Editor in 1.15 ms, found 2 plugins.
Preloading 0 native plugins for Editor in 0.00 ms.
Mono: successfully reloaded assembly
- Completed reload, in  4.220 seconds
Domain Reload Profiling:
	ReloadAssembly (4222ms)
		BeginReloadAssembly (565ms)
			ExecutionOrderSort (0ms)
			DisableScriptedObjects (37ms)
			BackupInstance (0ms)
			ReleaseScriptingObjects (0ms)
			CreateAndSetChildDomain (130ms)
		EndReloadAssembly (3145ms)
			LoadAssemblies (333ms)
			RebuildTransferFunctionScriptingTraits (0ms)
			SetupTypeCache (1082ms)
			ReleaseScriptCaches (3ms)
			RebuildScriptCaches (226ms)
			SetupLoadedEditorAssemblies (1331ms)
				LogAssemblyErrors (0ms)
				InitializePlatformSupportModulesInManaged (62ms)
				SetLoadedEditorAssemblies (2ms)
				RefreshPlugins (1ms)
				BeforeProcessingInitializeOnLoad (274ms)
				ProcessInitializeOnLoadAttributes (876ms)
				ProcessInitializeOnLoadMethodAttributes (85ms)
				AfterProcessingInitializeOnLoad (31ms)
				EditorAssembliesLoaded (0ms)
			ExecutionOrderSort2 (0ms)
			AwakeInstancesAfterBackupRestoration (23ms)
Platform modules already initialized, skipping
Refreshing native plugins compatible for Editor in 4.41 ms, found 2 plugins.
Preloading 0 native plugins for Editor in 0.00 ms.
Unloading 1350 Unused Serialized files (Serialized files now loaded: 0)
Unloading 9 unused Assets / (31.7 KB). Loaded Objects now: 1910.
Memory consumption went from 85.9 MB to 85.9 MB.
Total: 40.545600 ms (FindLiveObjects: 0.479300 ms CreateObjectMapping: 0.101000 ms MarkObjects: 39.871400 ms  DeleteObjects: 0.089800 ms)

AssetImportParameters requested are different than current active one (requested -> active):
  custom:video-decoder-ogg-theora: a1e56fd34408186e4bbccfd4996cb3dc -> 
  custom:container-muxer-webm: aa71ff27fc2769a1b78a27578f13a17b -> 
  custom:container-demuxer-webm: 4f35f7cbe854078d1ac9338744f61a02 -> 
  custom:video-encoder-webm-vp8: eb34c28f22e8b96e1ab97ce403110664 -> 
  custom:audio-encoder-webm-vorbis: bf7c407c2cedff20999df2af8eb42d56 -> 
  custom:framework-win-MediaFoundation: 216162199b28c13a410421893ffa2e32 -> 
  custom:container-demuxer-ogg: 62fdf1f143b41e24485cea50d1cbac27 -> 
  custom:video-decoder-webm-vp8: 9c59270c3fd7afecdb556c50c9e8de78 -> 
  custom:audio-decoder-ogg-vorbis: bf7c407c2cedff20999df2af8eb42d56 -> 
========================================================================
Received Import Request.
  Time since last request: 635.558461 seconds.
  path: Assets/Adventure_Character/Mesh/Man_Mesh.FBX
  artifactKey: Guid(b8a7488d12adc39498433d60811eab1a) Importer(815301076,1909f56bfc062723c751e8b465ee728b)
Start importing Assets/Adventure_Character/Mesh/Man_Mesh.FBX using Guid(b8a7488d12adc39498433d60811eab1a) Importer(815301076,1909f56bfc062723c751e8b465ee728b)  -> (artifact id: 'fad4360bc8fd472ba7e2d43b1feb2ee3') in 1.195590 seconds 
========================================================================
Received Import Request.
  Time since last request: 0.000583 seconds.
  path: Assets/Adventure_Character/Mesh/Stand.obj
  artifactKey: Guid(3c301751d216fda459821781864ff346) Importer(815301076,1909f56bfc062723c751e8b465ee728b)
Start importing Assets/Adventure_Character/Mesh/Stand.obj using Guid(3c301751d216fda459821781864ff346) Importer(815301076,1909f56bfc062723c751e8b465ee728b)  -> (artifact id: 'f43d6484e3fe42bb040f4d6c87edaf34') in 0.168802 seconds 
========================================================================
Received Import Request.
  Time since last request: 8.374882 seconds.
  path: Assets/Adventure_Character/Textures/Man_Body_Albedo.tga
  artifactKey: Guid(14a564f7fa4e12844919f637dc3c17ce) Importer(815301076,1909f56bfc062723c751e8b465ee728b)
Start importing Assets/Adventure_Character/Textures/Man_Body_Albedo.tga using Guid(14a564f7fa4e12844919f637dc3c17ce) Importer(815301076,1909f56bfc062723c751e8b465ee728b)  -> (artifact id: 'e548d1410aac7b713f103e06375d2747') in 0.109940 seconds 
========================================================================
Received Import Request.
  Time since last request: 0.000038 seconds.
  path: Assets/Adventure_Character/Textures/Man_Cloth_Down_Albedo_02.tga
  artifactKey: Guid(0fe73a5f100981e4a96c82f0934a3df9) Importer(815301076,1909f56bfc062723c751e8b465ee728b)
Start importing Assets/Adventure_Character/Textures/Man_Cloth_Down_Albedo_02.tga using Guid(0fe73a5f100981e4a96c82f0934a3df9) Importer(815301076,1909f56bfc062723c751e8b465ee728b)  -> (artifact id: '5cea1cdcbf51697e656c003bde053845') in 0.144896 seconds 
========================================================================
Received Import Request.
  Time since last request: 0.000102 seconds.
  path: Assets/Adventure_Character/Textures/Man_Cloth_Up_Metallic.tga
  artifactKey: Guid(7fa7c458a909d1f41b606a06bbf8987f) Importer(815301076,1909f56bfc062723c751e8b465ee728b)
Start importing Assets/Adventure_Character/Textures/Man_Cloth_Up_Metallic.tga using Guid(7fa7c458a909d1f41b606a06bbf8987f) Importer(815301076,1909f56bfc062723c751e8b465ee728b)  -> (artifact id: '6a09b78a3f3b554292fa395dcc1dd0fe') in 0.154671 seconds 
========================================================================
Received Import Request.
  Time since last request: 0.000069 seconds.
  path: Assets/Adventure_Character/Textures/Man_Cloth_Up_Albedo_02.tga
  artifactKey: Guid(758821f6ff36cf443ab0c41209186a93) Importer(815301076,1909f56bfc062723c751e8b465ee728b)
Start importing Assets/Adventure_Character/Textures/Man_Cloth_Up_Albedo_02.tga using Guid(758821f6ff36cf443ab0c41209186a93) Importer(815301076,1909f56bfc062723c751e8b465ee728b)  -> (artifact id: '977c7c0529e0d9162d3bf5fa522fba2c') in 0.095871 seconds 
========================================================================
Received Import Request.
  Time since last request: 0.000054 seconds.
  path: Assets/Adventure_Character/Textures/Man_Cloth_Down_Albedo_03.tga
  artifactKey: Guid(71aeb812376f4044b868498af0c5a09e) Importer(815301076,1909f56bfc062723c751e8b465ee728b)
Start importing Assets/Adventure_Character/Textures/Man_Cloth_Down_Albedo_03.tga using Guid(71aeb812376f4044b868498af0c5a09e) Importer(815301076,1909f56bfc062723c751e8b465ee728b)  -> (artifact id: '06b93f7ff77827dab59e0e6eb58e305d') in 0.166343 seconds 
========================================================================
Received Import Request.
  Time since last request: 0.000044 seconds.
  path: Assets/Adventure_Character/Textures/Man_Cloth_Up_Albedo_01.tga
  artifactKey: Guid(5261f9f7e9518de418e30e30514a7d58) Importer(815301076,1909f56bfc062723c751e8b465ee728b)
Start importing Assets/Adventure_Character/Textures/Man_Cloth_Up_Albedo_01.tga using Guid(5261f9f7e9518de418e30e30514a7d58) Importer(815301076,1909f56bfc062723c751e8b465ee728b)  -> (artifact id: '5b1fd74a8eb0995b8d9c8c78f7469e9f') in 0.224546 seconds 
========================================================================
Received Import Request.
  Time since last request: 0.000062 seconds.
  path: Assets/Adventure_Character/Textures/Man_Cloth_Down_Albedo_01.tga
  artifactKey: Guid(cf214826ff270a248b58074124311876) Importer(815301076,1909f56bfc062723c751e8b465ee728b)
Start importing Assets/Adventure_Character/Textures/Man_Cloth_Down_Albedo_01.tga using Guid(cf214826ff270a248b58074124311876) Importer(815301076,1909f56bfc062723c751e8b465ee728b)  -> (artifact id: '73e857a96b79e5543a2d5f5c919883cd') in 0.150634 seconds 
========================================================================
Received Import Request.
  Time since last request: 0.000078 seconds.
  path: Assets/Adventure_Character/Textures/Man_Cloth_Up_Albedo_03.tga
  artifactKey: Guid(af9d8bdb5bff58c449c7fa4f414869f3) Importer(815301076,1909f56bfc062723c751e8b465ee728b)
Start importing Assets/Adventure_Character/Textures/Man_Cloth_Up_Albedo_03.tga using Guid(af9d8bdb5bff58c449c7fa4f414869f3) Importer(815301076,1909f56bfc062723c751e8b465ee728b)  -> (artifact id: '06b04d1b5d1f164cc8c4b2eed4d42151') in 0.293981 seconds 
========================================================================
Received Import Request.
  Time since last request: 0.000068 seconds.
  path: Assets/Adventure_Character/Textures/Man_Cloth_Up_Normals.tga
  artifactKey: Guid(de91175a07959b449a003d1de1c6279e) Importer(815301076,1909f56bfc062723c751e8b465ee728b)
Start importing Assets/Adventure_Character/Textures/Man_Cloth_Up_Normals.tga using Guid(de91175a07959b449a003d1de1c6279e) Importer(815301076,1909f56bfc062723c751e8b465ee728b)  -> (artifact id: '3722ae5115ae3acba084aab8613cbdc3') in 0.310016 seconds 
========================================================================
Received Import Request.
  Time since last request: 0.001161 seconds.
  path: Assets/Adventure_Character/Textures/Man_Cloth_Up_Ao.tga
  artifactKey: Guid(eded4b4cdcba5c444b98bc1734e3f36b) Importer(815301076,1909f56bfc062723c751e8b465ee728b)
Start importing Assets/Adventure_Character/Textures/Man_Cloth_Up_Ao.tga using Guid(eded4b4cdcba5c444b98bc1734e3f36b) Importer(815301076,1909f56bfc062723c751e8b465ee728b)  -> (artifact id: '486f000c1b05b7cb88a3866c8faa3bdb') in 0.157412 seconds 
========================================================================
Received Import Request.
  Time since last request: 0.000051 seconds.
  path: Assets/Adventure_Character/Textures/Man_Body_Ao.tga
  artifactKey: Guid(d5db1c8cea8400c4bb5b207f289ca945) Importer(815301076,1909f56bfc062723c751e8b465ee728b)
Start importing Assets/Adventure_Character/Textures/Man_Body_Ao.tga using Guid(d5db1c8cea8400c4bb5b207f289ca945) Importer(815301076,1909f56bfc062723c751e8b465ee728b)  -> (artifact id: '3d72918cfa49981003b374b05f1409be') in 0.543002 seconds 
========================================================================
Received Import Request.
  Time since last request: 0.000083 seconds.
  path: Assets/Adventure_Character/Textures/Man_Body_Normals.tga
  artifactKey: Guid(a1b6bb340da40bc41b0c41ce37a80cb4) Importer(815301076,1909f56bfc062723c751e8b465ee728b)
Start importing Assets/Adventure_Character/Textures/Man_Body_Normals.tga using Guid(a1b6bb340da40bc41b0c41ce37a80cb4) Importer(815301076,1909f56bfc062723c751e8b465ee728b)  -> (artifact id: 'e61172abf19659961cffc9f7f8a069a8') in 0.138925 seconds 
========================================================================
Received Import Request.
  Time since last request: 0.000058 seconds.
  path: Assets/Adventure_Character/Textures/Man_Cloth_Down_Metallic.tga
  artifactKey: Guid(fbb02d1059395f94ca8cdb1d9cc8b9d3) Importer(815301076,1909f56bfc062723c751e8b465ee728b)
Start importing Assets/Adventure_Character/Textures/Man_Cloth_Down_Metallic.tga using Guid(fbb02d1059395f94ca8cdb1d9cc8b9d3) Importer(815301076,1909f56bfc062723c751e8b465ee728b)  -> (artifact id: '2abb64ec495e9f11d859cb629d76a9b2') in 0.201683 seconds 
========================================================================
Received Import Request.
  Time since last request: 0.004449 seconds.
  path: Assets/Adventure_Character/Textures/Man_Body_Metallic.tga
  artifactKey: Guid(72cb5a51a442407438404bf56648f700) Importer(815301076,1909f56bfc062723c751e8b465ee728b)
Start importing Assets/Adventure_Character/Textures/Man_Body_Metallic.tga using Guid(72cb5a51a442407438404bf56648f700) Importer(815301076,1909f56bfc062723c751e8b465ee728b)  -> (artifact id: '65ab0fc4bbff655e9e17cbadb25e2991') in 0.219440 seconds 
========================================================================
Received Import Request.
  Time since last request: 0.000086 seconds.
  path: Assets/Adventure_Character/Textures/Man_Cloth_Down_Normals.tga
  artifactKey: Guid(f2e1f6178c8683c4ba8c0a575ab45e0f) Importer(815301076,1909f56bfc062723c751e8b465ee728b)
Start importing Assets/Adventure_Character/Textures/Man_Cloth_Down_Normals.tga using Guid(f2e1f6178c8683c4ba8c0a575ab45e0f) Importer(815301076,1909f56bfc062723c751e8b465ee728b)  -> (artifact id: 'bc895884dfa3b8b744ca6d7f81172d44') in 0.249626 seconds 
========================================================================
Received Import Request.
  Time since last request: 0.000149 seconds.
  path: Assets/Adventure_Character/Textures/Man_Cloth_Down_Ao.tga
  artifactKey: Guid(edd22e070a7d8cd439892d92f4878181) Importer(815301076,1909f56bfc062723c751e8b465ee728b)
Start importing Assets/Adventure_Character/Textures/Man_Cloth_Down_Ao.tga using Guid(edd22e070a7d8cd439892d92f4878181) Importer(815301076,1909f56bfc062723c751e8b465ee728b)  -> (artifact id: '6027efaf4a5691280284b68dae392330') in 0.108590 seconds 
========================================================================
Received Import Request.
  Time since last request: 9.060814 seconds.
  path: Assets/rpg animations/animations
  artifactKey: Guid(c5b73f0561d59d54e8f6242661b6010b) Importer(815301076,1909f56bfc062723c751e8b465ee728b)
Start importing Assets/rpg animations/animations using Guid(c5b73f0561d59d54e8f6242661b6010b) Importer(815301076,1909f56bfc062723c751e8b465ee728b)  -> (artifact id: 'b9f4815f2b2556810933051d3713a4b6') in 0.051700 seconds 
========================================================================
Received Import Request.
  Time since last request: 2.527879 seconds.
  path: Assets/rpg animations/animations/no_weapon
  artifactKey: Guid(1a2f57ba777e63a4daa15ce2a1b145a4) Importer(815301076,1909f56bfc062723c751e8b465ee728b)
Start importing Assets/rpg animations/animations/no_weapon using Guid(1a2f57ba777e63a4daa15ce2a1b145a4) Importer(815301076,1909f56bfc062723c751e8b465ee728b)  -> (artifact id: '3aca4db4ff87e391da7236aff3c79f85') in 0.064976 seconds 
========================================================================
Received Import Request.
  Time since last request: 0.001860 seconds.
  path: Assets/rpg animations/animations/no_weapon/U_human_listening_friendly.fbx
  artifactKey: Guid(015627c4a6848b641ac0f61ce8211742) Importer(815301076,1909f56bfc062723c751e8b465ee728b)
Start importing Assets/rpg animations/animations/no_weapon/U_human_listening_friendly.fbx using Guid(015627c4a6848b641ac0f61ce8211742) Importer(815301076,1909f56bfc062723c751e8b465ee728b)  -> (artifact id: '7f8f9102f31a5dffea1c956347a7bc13') in 0.099726 seconds 
========================================================================
Received Import Request.
  Time since last request: 0.000080 seconds.
  path: Assets/rpg animations/animations/no_weapon/U_human_talk_friendly.fbx
  artifactKey: Guid(6c67229c4276fb24d97642150c941a34) Importer(815301076,1909f56bfc062723c751e8b465ee728b)
Start importing Assets/rpg animations/animations/no_weapon/U_human_talk_friendly.fbx using Guid(6c67229c4276fb24d97642150c941a34) Importer(815301076,1909f56bfc062723c751e8b465ee728b)  -> (artifact id: '31c5ef8e85019b6b812723cfe760e63c') in 0.088768 seconds 
========================================================================
Received Import Request.
  Time since last request: 0.000051 seconds.
  path: Assets/rpg animations/animations/no_weapon/U_human_walk_forward.fbx
  artifactKey: Guid(f1f60761d92275c44a2fb32533cbaa79) Importer(815301076,1909f56bfc062723c751e8b465ee728b)
Start importing Assets/rpg animations/animations/no_weapon/U_human_walk_forward.fbx using Guid(f1f60761d92275c44a2fb32533cbaa79) Importer(815301076,1909f56bfc062723c751e8b465ee728b)  -> (artifact id: '48cd138cc64e9374d19106ae80f740cc') in 0.046006 seconds 
========================================================================
Received Import Request.
  Time since last request: 0.000037 seconds.
  path: Assets/rpg animations/animations/no_weapon/U_human_idle_01.fbx
  artifactKey: Guid(08f36bea7bc4d2e40bf3407c1c88195c) Importer(815301076,1909f56bfc062723c751e8b465ee728b)
Start importing Assets/rpg animations/animations/no_weapon/U_human_idle_01.fbx using Guid(08f36bea7bc4d2e40bf3407c1c88195c) Importer(815301076,1909f56bfc062723c751e8b465ee728b)  -> (artifact id: '904dfaa23f3278115946b00fc810e97e') in 0.075260 seconds 
========================================================================
Received Import Request.
  Time since last request: 0.000041 seconds.
  path: Assets/rpg animations/animations/no_weapon/U_human_walk_backward.fbx
  artifactKey: Guid(5b56d3e44cf33c44497bb1bc1b66d889) Importer(815301076,1909f56bfc062723c751e8b465ee728b)
Start importing Assets/rpg animations/animations/no_weapon/U_human_walk_backward.fbx using Guid(5b56d3e44cf33c44497bb1bc1b66d889) Importer(815301076,1909f56bfc062723c751e8b465ee728b)  -> (artifact id: '7e9a1e1307322a437f57466793eb5de9') in 0.090720 seconds 
========================================================================
Received Import Request.
  Time since last request: 0.000073 seconds.
  path: Assets/rpg animations/animations/no_weapon/U_human_idle_to_sword_idle.fbx
  artifactKey: Guid(8fb57121a13e7f1429c305f7796db8ec) Importer(815301076,1909f56bfc062723c751e8b465ee728b)
Start importing Assets/rpg animations/animations/no_weapon/U_human_idle_to_sword_idle.fbx using Guid(8fb57121a13e7f1429c305f7796db8ec) Importer(815301076,1909f56bfc062723c751e8b465ee728b)  -> (artifact id: 'fce68bce55cb2114b49194c278f70539') in 0.080682 seconds 
========================================================================
Received Import Request.
  Time since last request: 0.000037 seconds.
  path: Assets/rpg animations/animations/no_weapon/U_human_hit_01.fbx
  artifactKey: Guid(463938ab511193941aacdfb8dda1a791) Importer(815301076,1909f56bfc062723c751e8b465ee728b)
Start importing Assets/rpg animations/animations/no_weapon/U_human_hit_01.fbx using Guid(463938ab511193941aacdfb8dda1a791) Importer(815301076,1909f56bfc062723c751e8b465ee728b)  -> (artifact id: 'c1996ee55b0e4aebafa5d207f85ebc37') in 0.073040 seconds 
========================================================================
Received Import Request.
  Time since last request: 0.000044 seconds.
  path: Assets/rpg animations/animations/no_weapon/U_human_hello_friendly.fbx
  artifactKey: Guid(bc509f8939b12264ea2fe84b2ad22d28) Importer(815301076,1909f56bfc062723c751e8b465ee728b)
Start importing Assets/rpg animations/animations/no_weapon/U_human_hello_friendly.fbx using Guid(bc509f8939b12264ea2fe84b2ad22d28) Importer(815301076,1909f56bfc062723c751e8b465ee728b)  -> (artifact id: 'ae47273fb42d14fe95c0c61570c2ad84') in 0.064942 seconds 
========================================================================
Received Import Request.
  Time since last request: 155.040776 seconds.
  path: Assets/Day-Night Skyboxes/Materials
  artifactKey: Guid(08b0c887a2c8fc14784e9302c9a4eec1) Importer(815301076,1909f56bfc062723c751e8b465ee728b)
Start importing Assets/Day-Night Skyboxes/Materials using Guid(08b0c887a2c8fc14784e9302c9a4eec1) Importer(815301076,1909f56bfc062723c751e8b465ee728b)  -> (artifact id: '165b6b074671bee5673ba6022571cafc') in 0.063782 seconds 
========================================================================
Received Import Request.
  Time since last request: 0.000115 seconds.
  path: Assets/Day-Night Skyboxes/Materials/SkySunset.mat
  artifactKey: Guid(ac2eeb98f1b423941b373f537bc56e18) Importer(815301076,1909f56bfc062723c751e8b465ee728b)
Start importing Assets/Day-Night Skyboxes/Materials/SkySunset.mat using Guid(ac2eeb98f1b423941b373f537bc56e18) Importer(815301076,1909f56bfc062723c751e8b465ee728b)  -> (artifact id: '259cd10e73f800b24e9ba910826e22b2') in 0.196289 seconds 
========================================================================
Received Import Request.
  Time since last request: 0.000041 seconds.
  path: Assets/Day-Night Skyboxes/Materials/SkyMidnight.mat
  artifactKey: Guid(97637a2a763b7f24b8da4e139e4144ca) Importer(815301076,1909f56bfc062723c751e8b465ee728b)
Start importing Assets/Day-Night Skyboxes/Materials/SkyMidnight.mat using Guid(97637a2a763b7f24b8da4e139e4144ca) Importer(815301076,1909f56bfc062723c751e8b465ee728b)  -> (artifact id: '4d804c5cee82db95305785a6f83fd484') in 0.239916 seconds 
========================================================================
Received Import Request.
  Time since last request: 0.005967 seconds.
  path: Assets/Day-Night Skyboxes/Materials/SkyMorning.mat
  artifactKey: Guid(9991b6265f7f87d43b7e3c676739f203) Importer(815301076,1909f56bfc062723c751e8b465ee728b)
Start importing Assets/Day-Night Skyboxes/Materials/SkyMorning.mat using Guid(9991b6265f7f87d43b7e3c676739f203) Importer(815301076,1909f56bfc062723c751e8b465ee728b)  -> (artifact id: '302c23c2df482e2c1485208b953cde0b') in 0.149455 seconds 
========================================================================
Received Import Request.
  Time since last request: 0.000055 seconds.
  path: Assets/Day-Night Skyboxes/Materials/NewLayer.terrainlayer
  artifactKey: Guid(c3d78b623f5c86944a1598232d6bca1f) Importer(815301076,1909f56bfc062723c751e8b465ee728b)
Start importing Assets/Day-Night Skyboxes/Materials/NewLayer.terrainlayer using Guid(c3d78b623f5c86944a1598232d6bca1f) Importer(815301076,1909f56bfc062723c751e8b465ee728b)  -> (artifact id: 'dd60e71b6389ebb371bf828c112c3052') in 0.133586 seconds 
========================================================================
Received Import Request.
  Time since last request: 0.000040 seconds.
  path: Assets/Day-Night Skyboxes/Materials/SkyHaloSky.mat
  artifactKey: Guid(e523c896238589445ae28370258d26c6) Importer(815301076,1909f56bfc062723c751e8b465ee728b)
Start importing Assets/Day-Night Skyboxes/Materials/SkyHaloSky.mat using Guid(e523c896238589445ae28370258d26c6) Importer(815301076,1909f56bfc062723c751e8b465ee728b)  -> (artifact id: 'fbbd481a68769286fc820abf9d165f75') in 0.100859 seconds 
========================================================================
Received Import Request.
  Time since last request: 0.000056 seconds.
  path: Assets/Day-Night Skyboxes/Materials/SkyBrightMorning.mat
  artifactKey: Guid(0b846be1b116429409a7669cacf2a62e) Importer(815301076,1909f56bfc062723c751e8b465ee728b)
Start importing Assets/Day-Night Skyboxes/Materials/SkyBrightMorning.mat using Guid(0b846be1b116429409a7669cacf2a62e) Importer(815301076,1909f56bfc062723c751e8b465ee728b)  -> (artifact id: 'a3681c4e1966f5559fa77cc98be73b32') in 0.209862 seconds 
========================================================================
Received Import Request.
  Time since last request: 0.000120 seconds.
  path: Assets/Day-Night Skyboxes/Materials/SkyNight.mat
  artifactKey: Guid(493bfb50af5d9424da505ba945c86600) Importer(815301076,1909f56bfc062723c751e8b465ee728b)
Start importing Assets/Day-Night Skyboxes/Materials/SkyNight.mat using Guid(493bfb50af5d9424da505ba945c86600) Importer(815301076,1909f56bfc062723c751e8b465ee728b)  -> (artifact id: 'b794282f7c2527df93eb69764e0b217d') in 0.180262 seconds 
========================================================================
Received Import Request.
  Time since last request: 0.000068 seconds.
  path: Assets/Day-Night Skyboxes/Materials/SkyCloudy.mat
  artifactKey: Guid(d11d338e6a849d84f85a289f91b3fa00) Importer(815301076,1909f56bfc062723c751e8b465ee728b)
Start importing Assets/Day-Night Skyboxes/Materials/SkyCloudy.mat using Guid(d11d338e6a849d84f85a289f91b3fa00) Importer(815301076,1909f56bfc062723c751e8b465ee728b)  -> (artifact id: 'b2e7e3025d178faad54b697d4c8e469d') in 0.161293 seconds 
========================================================================
Received Import Request.
  Time since last request: 0.000034 seconds.
  path: Assets/Day-Night Skyboxes/Materials/SkyAfterNoon.mat
  artifactKey: Guid(1cf32c17fea93ef4fb120e8e0cdfbef1) Importer(815301076,1909f56bfc062723c751e8b465ee728b)
Start importing Assets/Day-Night Skyboxes/Materials/SkyAfterNoon.mat using Guid(1cf32c17fea93ef4fb120e8e0cdfbef1) Importer(815301076,1909f56bfc062723c751e8b465ee728b)  -> (artifact id: 'a6e5dac0cc0266e102f1dc60fbc135b0') in 0.229870 seconds 
========================================================================
Received Import Request.
  Time since last request: 0.000044 seconds.
  path: Assets/Day-Night Skyboxes/Materials/SkyEarlyDusk.mat
  artifactKey: Guid(82b660520bdecce4daf45d270ec93fe4) Importer(815301076,1909f56bfc062723c751e8b465ee728b)
Start importing Assets/Day-Night Skyboxes/Materials/SkyEarlyDusk.mat using Guid(82b660520bdecce4daf45d270ec93fe4) Importer(815301076,1909f56bfc062723c751e8b465ee728b)  -> (artifact id: '9c511ccdddc322e6eae5522b36f70abf') in 0.260918 seconds 
========================================================================
Received Import Request.
  Time since last request: 0.000083 seconds.
  path: Assets/Day-Night Skyboxes/Materials/SkyNoon.mat
  artifactKey: Guid(3e56423e1fe71f94ea97f5bb2004a7e6) Importer(815301076,1909f56bfc062723c751e8b465ee728b)
Start importing Assets/Day-Night Skyboxes/Materials/SkyNoon.mat using Guid(3e56423e1fe71f94ea97f5bb2004a7e6) Importer(815301076,1909f56bfc062723c751e8b465ee728b)  -> (artifact id: '2b96cb5e91e109e7552303f1249cb3ab') in 0.282662 seconds 
========================================================================
Received Import Request.
  Time since last request: 0.000075 seconds.
  path: Assets/Day-Night Skyboxes/Materials/NewLayer 1.terrainlayer
  artifactKey: Guid(eb7cb31e52354d24ea1b9f8cb2c3bd4a) Importer(815301076,1909f56bfc062723c751e8b465ee728b)
Start importing Assets/Day-Night Skyboxes/Materials/NewLayer 1.terrainlayer using Guid(eb7cb31e52354d24ea1b9f8cb2c3bd4a) Importer(815301076,1909f56bfc062723c751e8b465ee728b)  -> (artifact id: 'b232169fb3e9735c15c41a5f10551275') in 0.132208 seconds 
========================================================================
Received Prepare
Registering precompiled user dll's ...
Registered in 0.014837 seconds.
Begin MonoManager ReloadAssembly
Native extension for WindowsStandalone target not found
Native extension for WebGL target not found
Refreshing native plugins compatible for Editor in 1.87 ms, found 2 plugins.
Preloading 0 native plugins for Editor in 0.00 ms.
Mono: successfully reloaded assembly
- Completed reload, in  3.853 seconds
Domain Reload Profiling:
	ReloadAssembly (3855ms)
		BeginReloadAssembly (455ms)
			ExecutionOrderSort (0ms)
			DisableScriptedObjects (39ms)
			BackupInstance (0ms)
			ReleaseScriptingObjects (0ms)
			CreateAndSetChildDomain (99ms)
		EndReloadAssembly (2590ms)
			LoadAssemblies (264ms)
			RebuildTransferFunctionScriptingTraits (0ms)
			SetupTypeCache (671ms)
			ReleaseScriptCaches (3ms)
			RebuildScriptCaches (159ms)
			SetupLoadedEditorAssemblies (1279ms)
				LogAssemblyErrors (0ms)
				InitializePlatformSupportModulesInManaged (80ms)
				SetLoadedEditorAssemblies (2ms)
				RefreshPlugins (2ms)
				BeforeProcessingInitializeOnLoad (230ms)
				ProcessInitializeOnLoadAttributes (822ms)
				ProcessInitializeOnLoadMethodAttributes (96ms)
				AfterProcessingInitializeOnLoad (46ms)
				EditorAssembliesLoaded (1ms)
			ExecutionOrderSort2 (0ms)
			AwakeInstancesAfterBackupRestoration (23ms)
Platform modules already initialized, skipping
Refreshing native plugins compatible for Editor in 18.52 ms, found 2 plugins.
Preloading 0 native plugins for Editor in 0.00 ms.
Unloading 1350 Unused Serialized files (Serialized files now loaded: 0)
Unloading 9 unused Assets / (31.7 KB). Loaded Objects now: 1916.
Memory consumption went from 99.3 MB to 99.3 MB.
Total: 7.556500 ms (FindLiveObjects: 0.574000 ms CreateObjectMapping: 0.100800 ms MarkObjects: 6.825800 ms  DeleteObjects: 0.053600 ms)

AssetImportParameters requested are different than current active one (requested -> active):
  custom:video-decoder-ogg-theora: a1e56fd34408186e4bbccfd4996cb3dc -> 
  custom:container-muxer-webm: aa71ff27fc2769a1b78a27578f13a17b -> 
  custom:container-demuxer-webm: 4f35f7cbe854078d1ac9338744f61a02 -> 
  custom:video-encoder-webm-vp8: eb34c28f22e8b96e1ab97ce403110664 -> 
  custom:audio-encoder-webm-vorbis: bf7c407c2cedff20999df2af8eb42d56 -> 
  custom:framework-win-MediaFoundation: 216162199b28c13a410421893ffa2e32 -> 
  custom:container-demuxer-ogg: 62fdf1f143b41e24485cea50d1cbac27 -> 
  custom:video-decoder-webm-vp8: 9c59270c3fd7afecdb556c50c9e8de78 -> 
  custom:audio-decoder-ogg-vorbis: bf7c407c2cedff20999df2af8eb42d56 -> 
========================================================================
Received Import Request.
  Time since last request: 436.383610 seconds.
  path: Assets/rpg animations/animations/sword
  artifactKey: Guid(f316f4a8ef1814a4d9ffd46995cc3fb6) Importer(815301076,1909f56bfc062723c751e8b465ee728b)
Start importing Assets/rpg animations/animations/sword using Guid(f316f4a8ef1814a4d9ffd46995cc3fb6) Importer(815301076,1909f56bfc062723c751e8b465ee728b)  -> (artifact id: '7ef1c23e69d0b198fb96b9f9293c8045') in 0.069673 seconds 
========================================================================
Received Import Request.
  Time since last request: 0.000103 seconds.
  path: Assets/rpg animations/animations/sword/U_sword_walk_forward.fbx
  artifactKey: Guid(5ea35b5cb8b89104c83156dcde845d31) Importer(815301076,1909f56bfc062723c751e8b465ee728b)
Start importing Assets/rpg animations/animations/sword/U_sword_walk_forward.fbx using Guid(5ea35b5cb8b89104c83156dcde845d31) Importer(815301076,1909f56bfc062723c751e8b465ee728b)  -> (artifact id: '1bff844dc9b30afafa23a9c71c695ad5') in 0.102034 seconds 
========================================================================
Received Import Request.
  Time since last request: 0.000087 seconds.
  path: Assets/rpg animations/animations/sword/U_sword_idle_to_human_idle.fbx
  artifactKey: Guid(f3ba8824153785f44857528a03cfb872) Importer(815301076,1909f56bfc062723c751e8b465ee728b)
Start importing Assets/rpg animations/animations/sword/U_sword_idle_to_human_idle.fbx using Guid(f3ba8824153785f44857528a03cfb872) Importer(815301076,1909f56bfc062723c751e8b465ee728b)  -> (artifact id: '9173545203d13056c42000d34d935ea8') in 0.079183 seconds 
========================================================================
Received Import Request.
  Time since last request: 0.000105 seconds.
  path: Assets/rpg animations/animations/sword/U_sword_hit_01.fbx
  artifactKey: Guid(f9fff93f58d75cd4591e384407fe9a85) Importer(815301076,1909f56bfc062723c751e8b465ee728b)
Start importing Assets/rpg animations/animations/sword/U_sword_hit_01.fbx using Guid(f9fff93f58d75cd4591e384407fe9a85) Importer(815301076,1909f56bfc062723c751e8b465ee728b)  -> (artifact id: '46f2703a46a028405c998cec362d9946') in 0.049179 seconds 
========================================================================
Received Import Request.
  Time since last request: 0.000045 seconds.
  path: Assets/rpg animations/animations/sword/U_sword_walk_backward.fbx
  artifactKey: Guid(1b1e55d18f101934795f1dd4f3e62aa6) Importer(815301076,1909f56bfc062723c751e8b465ee728b)
Start importing Assets/rpg animations/animations/sword/U_sword_walk_backward.fbx using Guid(1b1e55d18f101934795f1dd4f3e62aa6) Importer(815301076,1909f56bfc062723c751e8b465ee728b)  -> (artifact id: '6933634040ebb228f77d0847e0267575') in 0.047969 seconds 
========================================================================
Received Import Request.
  Time since last request: 0.000041 seconds.
  path: Assets/rpg animations/animations/sword/U_sword_idle.fbx
  artifactKey: Guid(6b2b46c8d4f633847a492f1a7b497230) Importer(815301076,1909f56bfc062723c751e8b465ee728b)
Start importing Assets/rpg animations/animations/sword/U_sword_idle.fbx using Guid(6b2b46c8d4f633847a492f1a7b497230) Importer(815301076,1909f56bfc062723c751e8b465ee728b)  -> (artifact id: '1ca0d7cc296547727e994e4b6764e9d5') in 0.083133 seconds 
========================================================================
Received Import Request.
  Time since last request: 0.000086 seconds.
  path: Assets/rpg animations/animations/sword/U_sword_slash_01.fbx
  artifactKey: Guid(c011fdd87869f344f8be0b9965e3abe4) Importer(815301076,1909f56bfc062723c751e8b465ee728b)
Start importing Assets/rpg animations/animations/sword/U_sword_slash_01.fbx using Guid(c011fdd87869f344f8be0b9965e3abe4) Importer(815301076,1909f56bfc062723c751e8b465ee728b)  -> (artifact id: '8b16ef030a20d05c7489fe0eb0abd083') in 0.070259 seconds 
========================================================================
Received Import Request.
  Time since last request: 58.416557 seconds.
  path: Assets/Standard Assets/Environment/Water
  artifactKey: Guid(4f65f58f1750429468db4bef75317815) Importer(815301076,1909f56bfc062723c751e8b465ee728b)
Start importing Assets/Standard Assets/Environment/Water using Guid(4f65f58f1750429468db4bef75317815) Importer(815301076,1909f56bfc062723c751e8b465ee728b)  -> (artifact id: '77ac88dce4b30da9e0b06f7edad678d3') in 0.060124 seconds 
========================================================================
Received Import Request.
  Time since last request: 0.957866 seconds.
  path: Assets/Standard Assets/Environment/Water/Water
  artifactKey: Guid(e2e84b28786ce854391d79fb76df820b) Importer(815301076,1909f56bfc062723c751e8b465ee728b)
Start importing Assets/Standard Assets/Environment/Water/Water using Guid(e2e84b28786ce854391d79fb76df820b) Importer(815301076,1909f56bfc062723c751e8b465ee728b)  -> (artifact id: 'ecd4d4cbdcd98f4be653b6832b515417') in 0.063548 seconds 
========================================================================
Received Import Request.
  Time since last request: 1.253368 seconds.
  path: Assets/Standard Assets/Environment/Water/Water/Materials
  artifactKey: Guid(8269a010592f549af8f11b1683d9e794) Importer(815301076,1909f56bfc062723c751e8b465ee728b)
Start importing Assets/Standard Assets/Environment/Water/Water/Materials using Guid(8269a010592f549af8f11b1683d9e794) Importer(815301076,1909f56bfc062723c751e8b465ee728b)  -> (artifact id: '9156127248e607359cc05f1c95b3a24d') in 0.042826 seconds 
========================================================================
Received Import Request.
  Time since last request: 0.066677 seconds.
  path: Assets/Standard Assets/Environment/Water/Water/Materials/WaterBump.mat
  artifactKey: Guid(86afc8470cdd4be4eb4d41a95138849d) Importer(815301076,1909f56bfc062723c751e8b465ee728b)
Start importing Assets/Standard Assets/Environment/Water/Water/Materials/WaterBump.mat using Guid(86afc8470cdd4be4eb4d41a95138849d) Importer(815301076,1909f56bfc062723c751e8b465ee728b)  -> (artifact id: 'be15a9ab33103e0b23d391276c19c372') in 0.206306 seconds 
========================================================================
Received Import Request.
  Time since last request: 0.002833 seconds.
  path: Assets/Standard Assets/Environment/Water/Water/Materials/WaterProNighttime.mat
  artifactKey: Guid(e633a20421c47426aa04444234225b69) Importer(815301076,1909f56bfc062723c751e8b465ee728b)
Start importing Assets/Standard Assets/Environment/Water/Water/Materials/WaterProNighttime.mat using Guid(e633a20421c47426aa04444234225b69) Importer(815301076,1909f56bfc062723c751e8b465ee728b)  -> (artifact id: '72a8d17e1b1c123d8919d65608aa7273') in 0.085452 seconds 
========================================================================
Received Import Request.
  Time since last request: 0.000049 seconds.
  path: Assets/Standard Assets/Environment/Water/Water/Materials/WaterProDaytime.mat
  artifactKey: Guid(7350b65a6431f604a8496c39db1ac9c5) Importer(815301076,1909f56bfc062723c751e8b465ee728b)
Start importing Assets/Standard Assets/Environment/Water/Water/Materials/WaterProDaytime.mat using Guid(7350b65a6431f604a8496c39db1ac9c5) Importer(815301076,1909f56bfc062723c751e8b465ee728b)  -> (artifact id: '99070d0a1fb253b1463a2c8671469bd1') in 0.114877 seconds 
========================================================================
Received Import Request.
  Time since last request: 0.000040 seconds.
  path: Assets/Standard Assets/Environment/Water/Water/Materials/WaterPlaneMaterial.mat
  artifactKey: Guid(f1bc741ea0e69a241896582ddb633d55) Importer(815301076,1909f56bfc062723c751e8b465ee728b)
Start importing Assets/Standard Assets/Environment/Water/Water/Materials/WaterPlaneMaterial.mat using Guid(f1bc741ea0e69a241896582ddb633d55) Importer(815301076,1909f56bfc062723c751e8b465ee728b)  -> (artifact id: '43686978b8a9d93b545207a4d1096802') in 0.802964 seconds 
========================================================================
Received Import Request.
  Time since last request: 0.000069 seconds.
  path: Assets/Standard Assets/Environment/Water/Water/Materials/WaterProNighttimeGradient.mat
  artifactKey: Guid(d9f4668b720bcd64284dcb7a3c2a93e4) Importer(815301076,1909f56bfc062723c751e8b465ee728b)
Start importing Assets/Standard Assets/Environment/Water/Water/Materials/WaterProNighttimeGradient.mat using Guid(d9f4668b720bcd64284dcb7a3c2a93e4) Importer(815301076,1909f56bfc062723c751e8b465ee728b)  -> (artifact id: 'ff3374a1d12dd9856a407998fcd1f673') in 0.057459 seconds 
========================================================================
Received Import Request.
  Time since last request: 0.000035 seconds.
  path: Assets/Standard Assets/Environment/Water/Water/Materials/WaterProDaytimeGradient.mat
  artifactKey: Guid(e6a4853f643ac484a8b4893eed182162) Importer(815301076,1909f56bfc062723c751e8b465ee728b)
Start importing Assets/Standard Assets/Environment/Water/Water/Materials/WaterProDaytimeGradient.mat using Guid(e6a4853f643ac484a8b4893eed182162) Importer(815301076,1909f56bfc062723c751e8b465ee728b)  -> (artifact id: '88cfae24b5cf0699999ee7ff07847b71') in 0.171952 seconds 
========================================================================
Received Import Request.
  Time since last request: 4.246740 seconds.
  path: Assets/Standard Assets/Environment/Water/Water/Prefabs
  artifactKey: Guid(2dc67c8fe799ae845add403087340bd1) Importer(815301076,1909f56bfc062723c751e8b465ee728b)
Start importing Assets/Standard Assets/Environment/Water/Water/Prefabs using Guid(2dc67c8fe799ae845add403087340bd1) Importer(815301076,1909f56bfc062723c751e8b465ee728b)  -> (artifact id: '7d6cd910e31ae455995bf7ccbed30ab2') in 0.074853 seconds 
========================================================================
Received Import Request.
  Time since last request: 0.000060 seconds.
  path: Assets/Standard Assets/Environment/Water/Water/Prefabs/WaterProDaytime.prefab
  artifactKey: Guid(780611a67e8e941a2b3aa96e5915a793) Importer(815301076,1909f56bfc062723c751e8b465ee728b)
Start importing Assets/Standard Assets/Environment/Water/Water/Prefabs/WaterProDaytime.prefab using Guid(780611a67e8e941a2b3aa96e5915a793) Importer(815301076,1909f56bfc062723c751e8b465ee728b)  -> (artifact id: '5007086a91578e93baa232026a58812e') in 0.059415 seconds 
========================================================================
Received Import Request.
  Time since last request: 0.000422 seconds.
  path: Assets/Standard Assets/Environment/Water/Water/Prefabs/WaterProNighttime.prefab
  artifactKey: Guid(bcae914220acd4907840a029bb9d9aec) Importer(815301076,1909f56bfc062723c751e8b465ee728b)
Start importing Assets/Standard Assets/Environment/Water/Water/Prefabs/WaterProNighttime.prefab using Guid(bcae914220acd4907840a029bb9d9aec) Importer(815301076,1909f56bfc062723c751e8b465ee728b)  -> (artifact id: 'd447b511292f8d89ed054b8eacd74c3b') in 0.090549 seconds 
========================================================================
Received Import Request.
  Time since last request: 75.492550 seconds.
  path: Assets/Standard Assets/Environment/Water/Water/Textures
  artifactKey: Guid(c22094bc116524b2a95c9aae09278b22) Importer(815301076,1909f56bfc062723c751e8b465ee728b)
Start importing Assets/Standard Assets/Environment/Water/Water/Textures using Guid(c22094bc116524b2a95c9aae09278b22) Importer(815301076,1909f56bfc062723c751e8b465ee728b)  -> (artifact id: 'ace417a71ec92027e1e222e3894c213c') in 0.087066 seconds 
========================================================================
Received Import Request.
  Time since last request: 0.004308 seconds.
  path: Assets/Standard Assets/Environment/Water/Water/Textures/WaterProNighttimeGradient.psd
  artifactKey: Guid(b725b62cfc9d04e4886735ab2a8107d1) Importer(815301076,1909f56bfc062723c751e8b465ee728b)
Start importing Assets/Standard Assets/Environment/Water/Water/Textures/WaterProNighttimeGradient.psd using Guid(b725b62cfc9d04e4886735ab2a8107d1) Importer(815301076,1909f56bfc062723c751e8b465ee728b)  -> (artifact id: '3e5e1a0d67b7566d4fea94c29f822088') in 0.083750 seconds 
========================================================================
Received Import Request.
  Time since last request: 0.000059 seconds.
  path: Assets/Standard Assets/Environment/Water/Water/Textures/WaterProDaytimeGradient.psd
  artifactKey: Guid(ab97f9ab7c2ce724ebc9446060a819a4) Importer(815301076,1909f56bfc062723c751e8b465ee728b)
Start importing Assets/Standard Assets/Environment/Water/Water/Textures/WaterProDaytimeGradient.psd using Guid(ab97f9ab7c2ce724ebc9446060a819a4) Importer(815301076,1909f56bfc062723c751e8b465ee728b)  -> (artifact id: 'c2e1e512fab4ea5fed7db691ad2f863d') in 0.068546 seconds 
========================================================================
Received Import Request.
  Time since last request: 0.000043 seconds.
  path: Assets/Standard Assets/Environment/Water/Water/Textures/WaterFresnel.psd
  artifactKey: Guid(5b5c5575fd4c74abd9f7b30862fb76a3) Importer(815301076,1909f56bfc062723c751e8b465ee728b)
Start importing Assets/Standard Assets/Environment/Water/Water/Textures/WaterFresnel.psd using Guid(5b5c5575fd4c74abd9f7b30862fb76a3) Importer(815301076,1909f56bfc062723c751e8b465ee728b)  -> (artifact id: 'f2a6467c7d294633ec274c7f2c7aa9ec') in 0.081176 seconds 
========================================================================
Received Import Request.
  Time since last request: 0.000198 seconds.
  path: Assets/Standard Assets/Environment/Water/Water/Textures/WaterBump.jpg
  artifactKey: Guid(2dd3788f8589b40bf82a92d76ffc5091) Importer(815301076,1909f56bfc062723c751e8b465ee728b)
Start importing Assets/Standard Assets/Environment/Water/Water/Textures/WaterBump.jpg using Guid(2dd3788f8589b40bf82a92d76ffc5091) Importer(815301076,1909f56bfc062723c751e8b465ee728b)  -> (artifact id: '579feba1d928ef48f1ad752ce7dbd830') in 0.101480 seconds 
========================================================================
Received Prepare
Registering precompiled user dll's ...
Registered in 0.011280 seconds.
Begin MonoManager ReloadAssembly
Native extension for WindowsStandalone target not found
Native extension for WebGL target not found
Refreshing native plugins compatible for Editor in 1.43 ms, found 2 plugins.
Preloading 0 native plugins for Editor in 0.00 ms.
Mono: successfully reloaded assembly
- Completed reload, in  3.519 seconds
Domain Reload Profiling:
	ReloadAssembly (3522ms)
		BeginReloadAssembly (611ms)
			ExecutionOrderSort (0ms)
			DisableScriptedObjects (35ms)
			BackupInstance (0ms)
			ReleaseScriptingObjects (0ms)
			CreateAndSetChildDomain (103ms)
		EndReloadAssembly (2452ms)
			LoadAssemblies (281ms)
			RebuildTransferFunctionScriptingTraits (0ms)
			SetupTypeCache (770ms)
			ReleaseScriptCaches (3ms)
			RebuildScriptCaches (171ms)
			SetupLoadedEditorAssemblies (1085ms)
				LogAssemblyErrors (0ms)
				InitializePlatformSupportModulesInManaged (62ms)
				SetLoadedEditorAssemblies (2ms)
				RefreshPlugins (2ms)
				BeforeProcessingInitializeOnLoad (204ms)
				ProcessInitializeOnLoadAttributes (721ms)
				ProcessInitializeOnLoadMethodAttributes (63ms)
				AfterProcessingInitializeOnLoad (31ms)
				EditorAssembliesLoaded (0ms)
			ExecutionOrderSort2 (0ms)
			AwakeInstancesAfterBackupRestoration (36ms)
Platform modules already initialized, skipping
Refreshing native plugins compatible for Editor in 4.05 ms, found 2 plugins.
Preloading 0 native plugins for Editor in 0.00 ms.
Unloading 1350 Unused Serialized files (Serialized files now loaded: 0)
Unloading 9 unused Assets / (31.8 KB). Loaded Objects now: 1921.
Memory consumption went from 99.4 MB to 99.4 MB.
Total: 8.791400 ms (FindLiveObjects: 0.521500 ms CreateObjectMapping: 0.108600 ms MarkObjects: 8.087300 ms  DeleteObjects: 0.070300 ms)

AssetImportParameters requested are different than current active one (requested -> active):
  custom:video-decoder-ogg-theora: a1e56fd34408186e4bbccfd4996cb3dc -> 
  custom:container-muxer-webm: aa71ff27fc2769a1b78a27578f13a17b -> 
  custom:container-demuxer-webm: 4f35f7cbe854078d1ac9338744f61a02 -> 
  custom:video-encoder-webm-vp8: eb34c28f22e8b96e1ab97ce403110664 -> 
  custom:audio-encoder-webm-vorbis: bf7c407c2cedff20999df2af8eb42d56 -> 
  custom:framework-win-MediaFoundation: 216162199b28c13a410421893ffa2e32 -> 
  custom:container-demuxer-ogg: 62fdf1f143b41e24485cea50d1cbac27 -> 
  custom:video-decoder-webm-vp8: 9c59270c3fd7afecdb556c50c9e8de78 -> 
  custom:audio-decoder-ogg-vorbis: bf7c407c2cedff20999df2af8eb42d56 -> 
========================================================================
Received Import Request.
  Time since last request: 196.826963 seconds.
  path: Assets/Standard Assets/Environment/Water/Water/Models
  artifactKey: Guid(fe5d00245bc1d42a7927f4b2879026b8) Importer(815301076,1909f56bfc062723c751e8b465ee728b)
Start importing Assets/Standard Assets/Environment/Water/Water/Models using Guid(fe5d00245bc1d42a7927f4b2879026b8) Importer(815301076,1909f56bfc062723c751e8b465ee728b)  -> (artifact id: 'ed77c16c5175f31b172c20ddcca40d20') in 0.089226 seconds 
========================================================================
Received Import Request.
  Time since last request: 0.000075 seconds.
  path: Assets/Standard Assets/Environment/Water/Water/Models/WaterPlane.fbx
  artifactKey: Guid(ba6a41dc489914734857bb5924eb70ad) Importer(815301076,1909f56bfc062723c751e8b465ee728b)
Start importing Assets/Standard Assets/Environment/Water/Water/Models/WaterPlane.fbx using Guid(ba6a41dc489914734857bb5924eb70ad) Importer(815301076,1909f56bfc062723c751e8b465ee728b)  -> (artifact id: '1872e284fae12b2c69ebd0e92f284c10') in 0.271606 seconds 
========================================================================
Received Import Request.
  Time since last request: 3.830713 seconds.
  path: Assets/Standard Assets/Environment/SpeedTree
  artifactKey: Guid(c04a867c41990cb44b46672730a8e63f) Importer(815301076,1909f56bfc062723c751e8b465ee728b)
Start importing Assets/Standard Assets/Environment/SpeedTree using Guid(c04a867c41990cb44b46672730a8e63f) Importer(815301076,1909f56bfc062723c751e8b465ee728b)  -> (artifact id: '4af7f055ba04e317c42198678b758733') in 0.069658 seconds 
========================================================================
Received Prepare
Registering precompiled user dll's ...
Registered in 0.010389 seconds.
Begin MonoManager ReloadAssembly
Native extension for WindowsStandalone target not found
Native extension for WebGL target not found
Refreshing native plugins compatible for Editor in 1.18 ms, found 2 plugins.
Preloading 0 native plugins for Editor in 0.00 ms.
Mono: successfully reloaded assembly
- Completed reload, in  3.680 seconds
Domain Reload Profiling:
	ReloadAssembly (3682ms)
		BeginReloadAssembly (466ms)
			ExecutionOrderSort (0ms)
			DisableScriptedObjects (18ms)
			BackupInstance (0ms)
			ReleaseScriptingObjects (0ms)
			CreateAndSetChildDomain (104ms)
		EndReloadAssembly (2773ms)
			LoadAssemblies (309ms)
			RebuildTransferFunctionScriptingTraits (0ms)
			SetupTypeCache (769ms)
			ReleaseScriptCaches (3ms)
			RebuildScriptCaches (208ms)
			SetupLoadedEditorAssemblies (1324ms)
				LogAssemblyErrors (0ms)
				InitializePlatformSupportModulesInManaged (63ms)
				SetLoadedEditorAssemblies (2ms)
				RefreshPlugins (1ms)
				BeforeProcessingInitializeOnLoad (249ms)
				ProcessInitializeOnLoadAttributes (867ms)
				ProcessInitializeOnLoadMethodAttributes (87ms)
				AfterProcessingInitializeOnLoad (55ms)
				EditorAssembliesLoaded (0ms)
			ExecutionOrderSort2 (0ms)
			AwakeInstancesAfterBackupRestoration (44ms)
Platform modules already initialized, skipping
Refreshing native plugins compatible for Editor in 4.64 ms, found 2 plugins.
Preloading 0 native plugins for Editor in 0.00 ms.
Unloading 1350 Unused Serialized files (Serialized files now loaded: 0)
Unloading 9 unused Assets / (31.8 KB). Loaded Objects now: 1924.
Memory consumption went from 99.5 MB to 99.4 MB.
Total: 9.183900 ms (FindLiveObjects: 0.487500 ms CreateObjectMapping: 0.102200 ms MarkObjects: 8.487300 ms  DeleteObjects: 0.102300 ms)

AssetImportParameters requested are different than current active one (requested -> active):
  custom:video-decoder-ogg-theora: a1e56fd34408186e4bbccfd4996cb3dc -> 
  custom:container-muxer-webm: aa71ff27fc2769a1b78a27578f13a17b -> 
  custom:container-demuxer-webm: 4f35f7cbe854078d1ac9338744f61a02 -> 
  custom:video-encoder-webm-vp8: eb34c28f22e8b96e1ab97ce403110664 -> 
  custom:audio-encoder-webm-vorbis: bf7c407c2cedff20999df2af8eb42d56 -> 
  custom:framework-win-MediaFoundation: 216162199b28c13a410421893ffa2e32 -> 
  custom:container-demuxer-ogg: 62fdf1f143b41e24485cea50d1cbac27 -> 
  custom:video-decoder-webm-vp8: 9c59270c3fd7afecdb556c50c9e8de78 -> 
  custom:audio-decoder-ogg-vorbis: bf7c407c2cedff20999df2af8eb42d56 -> 
========================================================================
Received Import Request.
  Time since last request: 877.987763 seconds.
  path: Assets/Standard Assets/Environment/SpeedTree/Palm/Palm_Desktop.spm
  artifactKey: Guid(d027af1092f6b434090f040565e7e656) Importer(815301076,1909f56bfc062723c751e8b465ee728b)
Start importing Assets/Standard Assets/Environment/SpeedTree/Palm/Palm_Desktop.spm using Guid(d027af1092f6b434090f040565e7e656) Importer(815301076,1909f56bfc062723c751e8b465ee728b)  -> (artifact id: '884fb6311bb5d126b361c6c60612ab1d') in 6.887062 seconds 
========================================================================
Received Import Request.
  Time since last request: 0.000057 seconds.
  path: Assets/Standard Assets/Environment/SpeedTree/Broadleaf/Broadleaf_Mobile.spm
  artifactKey: Guid(6aab193b7693b5e4c9741f1917d2987c) Importer(815301076,1909f56bfc062723c751e8b465ee728b)
Start importing Assets/Standard Assets/Environment/SpeedTree/Broadleaf/Broadleaf_Mobile.spm using Guid(6aab193b7693b5e4c9741f1917d2987c) Importer(815301076,1909f56bfc062723c751e8b465ee728b)  -> (artifact id: '79df83b5cb2804d0d3cc974aea5f6a80') in 1.749507 seconds 
